<?xml version="1.0" encoding="UTF-8"?>
<!-- Generated by org.testng.reporters.JUnitReportReporter -->
<testsuite hostname="DESKTOP-T13E720" failures="0" tests="1" name="Ecommerce.EcommerceOder.LandingPage" time="36.996" errors="0" timestamp="2022-10-08T21:01:39 IST" skipped="0">
  <testcase classname="Ecommerce.EcommerceOder.LandingPage" name="makeOrder" time="36.996"/>
  <system-out/>
</testsuite> <!-- Ecommerce.EcommerceOder.LandingPage -->
