<?xml version="1.0" encoding="UTF-8"?>
<!-- Generated by org.testng.reporters.JUnitReportReporter -->
<testsuite hostname="LAPTOP-K52NR5RM" failures="0" tests="2" name="Cucumber.TestNGCucumberRunner" time="30.196" errors="0" timestamp="2025-06-12T16:47:57 IST" skipped="0">
  <testcase classname="Cucumber.TestNGCucumberRunner" name="runScenario" time="14.112"/>
  <system-out/>
  <testcase classname="Cucumber.TestNGCucumberRunner" name="runScenario" time="16.084"/>
  <system-out/>
</testsuite> <!-- Cucumber.TestNGCucumberRunner -->
