<?xml version="1.0" encoding="UTF-8"?>
<!-- Generated by org.testng.reporters.JUnitReportReporter -->
<testsuite hostname="DESKTOP-9211OK0" failures="0" tests="2" name="Ecommerce.EcommerceOder.LoginFLVs" time="12.130" errors="0" timestamp="2022-10-20T18:48:09 IST" skipped="0">
  <testcase classname="Ecommerce.EcommerceOder.LoginFLVs" name="logInFLV" time="5.354"/>
  <system-out/>
  <testcase classname="Ecommerce.EcommerceOder.LoginFLVs" name="logInFLV" time="6.776"/>
  <system-out/>
</testsuite> <!-- Ecommerce.EcommerceOder.LoginFLVs -->
