<?xml version="1.0" encoding="UTF-8"?>
<!-- Generated by org.testng.reporters.JUnitReportReporter -->
<testsuite hostname="DESKTOP-9211OK0" failures="0" tests="2" name="Ecommerce.EcommerceOder.LoginFLVs" time="9.868" errors="0" timestamp="2022-10-20T20:20:43 IST" skipped="0">
  <testcase classname="Ecommerce.EcommerceOder.LoginFLVs" name="logInFLV" time="5.953"/>
  <system-out/>
  <testcase classname="Ecommerce.EcommerceOder.LoginFLVs" name="logInFLV" time="3.915"/>
  <system-out/>
</testsuite> <!-- Ecommerce.EcommerceOder.LoginFLVs -->
