<?xml version="1.0" encoding="UTF-8"?>
<!-- Generated by org.testng.reporters.JUnitReportReporter -->
<testsuite hostname="LAPTOP-K52NR5RM" failures="0" tests="2" name="Ecommerce.EcommerceOder.MakeOrder" time="22.446" errors="0" timestamp="2025-06-11T18:55:08 IST" skipped="0">
  <testcase classname="Ecommerce.EcommerceOder.MakeOrder" name="makeOrder" time="16.051"/>
  <system-out/>
  <testcase classname="Ecommerce.EcommerceOder.MakeOrder" name="checkOrder" time="6.395"/>
  <system-out/>
</testsuite> <!-- Ecommerce.EcommerceOder.MakeOrder -->
