<?xml version="1.0" encoding="UTF-8"?>
<!-- Generated by org.testng.reporters.JUnitReportReporter -->
<testsuite hostname="LAPTOP-K52NR5RM" failures="0" tests="2" name="Ecommerce.EcommerceOder.LoginFLVs" time="8.242" errors="0" timestamp="2025-05-13T22:13:23 IST" skipped="0">
  <testcase classname="Ecommerce.EcommerceOder.LoginFLVs" name="logInFLV" time="4.111"/>
  <testcase classname="Ecommerce.EcommerceOder.LoginFLVs" name="logInFLV" time="4.131"/>
</testsuite> <!-- Ecommerce.EcommerceOder.LoginFLVs -->
