<?xml version="1.0" encoding="UTF-8"?>
<!-- Generated by org.testng.reporters.JUnitReportReporter -->
<testsuite hostname="LAPTOP-K52NR5RM" failures="0" tests="3" name="Ecommerce.EcommerceOder.MakeOrder" time="56.686" errors="0" timestamp="2025-06-11T20:28:29 IST" skipped="0">
  <testcase classname="Ecommerce.EcommerceOder.MakeOrder" name="makeOrder" time="14.602"/>
  <system-out/>
  <testcase classname="Ecommerce.EcommerceOder.MakeOrder" name="makeOrder" time="18.292"/>
  <system-out/>
  <testcase classname="Ecommerce.EcommerceOder.MakeOrder" name="checkOrder" time="23.792"/>
  <system-out/>
</testsuite> <!-- Ecommerce.EcommerceOder.MakeOrder -->
