<?xml version="1.0" encoding="UTF-8"?>
<!-- Generated by org.testng.reporters.JUnitReportReporter -->
<testsuite hostname="LAPTOP-K52NR5RM" failures="0" tests="2" name="Ecommerce.EcommerceOder.LoginFLVs" time="5.596" errors="0" timestamp="2025-06-10T13:19:29 IST" skipped="0">
  <testcase classname="Ecommerce.EcommerceOder.LoginFLVs" name="logInFLV" time="1.935"/>
  <system-out/>
  <testcase classname="Ecommerce.EcommerceOder.LoginFLVs" name="logInFLV" time="3.661"/>
  <system-out/>
</testsuite> <!-- Ecommerce.EcommerceOder.LoginFLVs -->
