<?xml version="1.0" encoding="UTF-8"?>
<!-- Generated by org.testng.reporters.JUnitReportReporter -->
<testsuite hostname="Avenger" failures="0" tests="2" name="Ecommerce.EcommerceOder.LoginFLVs" time="9.288" errors="0" timestamp="2023-05-21T13:31:02 IST" skipped="0">
  <testcase classname="Ecommerce.EcommerceOder.LoginFLVs" name="logInFLV" time="3.471"/>
  <system-out/>
  <testcase classname="Ecommerce.EcommerceOder.LoginFLVs" name="logInFLV" time="5.817"/>
  <system-out/>
</testsuite> <!-- Ecommerce.EcommerceOder.LoginFLVs -->
